<?xml version='1.0'?>
<ns2:test-suite xmlns:ns2='urn:model.allure.qatools.yandex.ru' start='1546861998792' stop='1546862032245'>
    <name>Login as Hiring Manager</name>
    <title>Login as Hiring Manager</title>
    <test-cases>
        <test-case start='1546862021815' status='failed' stop='1546862032112'>
            <name>Raise Requisition Request</name>
            <title>Raise Requisition Request</title>
            <labels/>
            <parameters/>
            <steps/>
            <attachments>
                <attachment title='Screenshot' source='3cae579b-fc01-426a-8414-2b524d4f08c1-attachment.png' type='image/png' size='72713'/>
            </attachments>
            <failure>
                <message>Failed: element with locator 'By(css selector, *[id="mat-option-9"])' is not clickable. Possibly it's not present or visible. Or it may be disabled.
                Wait timed out after 5005ms</message>
                <stack-trace>TimeoutError: element with locator 'By(css selector, *[id="mat-option-9"])' is not clickable. Possibly it's not present or visible. Or it may be disabled.
                Wait timed out after 5005ms
                    at /usr/local/lib/node_modules/protractor/node_modules/selenium-webdriver/lib/promise.js:2201:17
                    at ManagedPromise.invokeCallback_ (/usr/local/lib/node_modules/protractor/node_modules/selenium-webdriver/lib/promise.js:1376:14)
                    at TaskQueue.execute_ (/usr/local/lib/node_modules/protractor/node_modules/selenium-webdriver/lib/promise.js:3084:14)
                    at TaskQueue.executeNext_ (/usr/local/lib/node_modules/protractor/node_modules/selenium-webdriver/lib/promise.js:3067:27)
                    at asyncRun (/usr/local/lib/node_modules/protractor/node_modules/selenium-webdriver/lib/promise.js:2927:27)
                    at /usr/local/lib/node_modules/protractor/node_modules/selenium-webdriver/lib/promise.js:668:7
                    at process._tickCallback (internal/process/next_tick.js:68:7)
                From: Task: element with locator 'By(css selector, *[id="mat-option-9"])' is not clickable. Possibly it's not present or visible. Or it may be disabled.
                    at scheduleWait (/usr/local/lib/node_modules/protractor/node_modules/selenium-webdriver/lib/promise.js:2188:20)
                    at ControlFlow.wait (/usr/local/lib/node_modules/protractor/node_modules/selenium-webdriver/lib/promise.js:2517:12)
                    at Driver.wait (/usr/local/lib/node_modules/protractor/node_modules/selenium-webdriver/lib/webdriver.js:934:29)
                    at run (/usr/local/lib/node_modules/protractor/built/browser.js:59:33)
                    at ProtractorBrowser.to.(anonymous function) [as wait] (/usr/local/lib/node_modules/protractor/built/browser.js:67:16)
                    at Object.waitForElementToBeClickable (/home/cnt-dev/Documents/Chutti-RMT/requisition-management/node_modules/protractor-helper/constants_and_utils/utils.js:43:11)
                    at Object.clickWhenClickable (/home/cnt-dev/Documents/Chutti-RMT/requisition-management/node_modules/protractor-helper/index.js:85:9)
                    at UserContext.&lt;anonymous> (/home/cnt-dev/Documents/Chutti-RMT/requisition-management/Testcases/raiserequisitionrequest.js:25:26)
                    at /usr/local/lib/node_modules/protractor/node_modules/jasminewd2/index.js:112:25
                    at new ManagedPromise (/usr/local/lib/node_modules/protractor/node_modules/selenium-webdriver/lib/promise.js:1077:7)
                From: Task: Run it("Raise Requisition Request") in control flow
                    at UserContext.&lt;anonymous> (/usr/local/lib/node_modules/protractor/node_modules/jasminewd2/index.js:94:19)
                    at attempt (/usr/local/lib/node_modules/protractor/node_modules/jasmine-core/lib/jasmine-core/jasmine.js:4297:26)
                    at QueueRunner.run (/usr/local/lib/node_modules/protractor/node_modules/jasmine-core/lib/jasmine-core/jasmine.js:4217:20)
                    at QueueRunner.execute (/usr/local/lib/node_modules/protractor/node_modules/jasmine-core/lib/jasmine-core/jasmine.js:4199:10)
                    at Spec.queueRunnerFactory (/usr/local/lib/node_modules/protractor/node_modules/jasmine-core/lib/jasmine-core/jasmine.js:909:35)
                    at Spec.execute (/usr/local/lib/node_modules/protractor/node_modules/jasmine-core/lib/jasmine-core/jasmine.js:526:10)
                    at UserContext.fn (/usr/local/lib/node_modules/protractor/node_modules/jasmine-core/lib/jasmine-core/jasmine.js:5340:37)
                    at attempt (/usr/local/lib/node_modules/protractor/node_modules/jasmine-core/lib/jasmine-core/jasmine.js:4297:26)
                    at QueueRunner.run (/usr/local/lib/node_modules/protractor/node_modules/jasmine-core/lib/jasmine-core/jasmine.js:4217:20)
                    at runNext (/usr/local/lib/node_modules/protractor/node_modules/jasmine-core/lib/jasmine-core/jasmine.js:4257:20)
                From asynchronous test: 
                Error
                    at Suite.&lt;anonymous> (/home/cnt-dev/Documents/Chutti-RMT/requisition-management/Testcases/raiserequisitionrequest.js:11:5)
                    at addSpecsToSuite (/usr/local/lib/node_modules/protractor/node_modules/jasmine-core/lib/jasmine-core/jasmine.js:1107:25)
                    at Env.describe (/usr/local/lib/node_modules/protractor/node_modules/jasmine-core/lib/jasmine-core/jasmine.js:1074:7)
                    at describe (/usr/local/lib/node_modules/protractor/node_modules/jasmine-core/lib/jasmine-core/jasmine.js:4399:18)
                    at Object.&lt;anonymous> (/home/cnt-dev/Documents/Chutti-RMT/requisition-management/Testcases/raiserequisitionrequest.js:8:1)
                    at Module._compile (internal/modules/cjs/loader.js:689:30)
                    at Object.Module._extensions..js (internal/modules/cjs/loader.js:700:10)
                    at Module.load (internal/modules/cjs/loader.js:599:32)
                    at tryModuleLoad (internal/modules/cjs/loader.js:538:12)</stack-trace>
            </failure>
        </test-case>
        <test-case start='1546862032112' status='failed' stop='1546862032245'>
            <name>upload a file</name>
            <title>upload a file</title>
            <labels/>
            <parameters/>
            <steps/>
            <attachments>
                <attachment title='Screenshot' source='4de0e079-5b62-46ff-9ac0-22275b222dc2-attachment.png' type='image/png' size='72713'/>
            </attachments>
            <failure>
                <message>Failed: No element found using locator: By(xpath, //input[@type='file'])</message>
                <stack-trace>NoSuchElementError: No element found using locator: By(xpath, //input[@type='file'])
                    at elementArrayFinder.getWebElements.then (/usr/local/lib/node_modules/protractor/built/element.js:814:27)
                    at ManagedPromise.invokeCallback_ (/usr/local/lib/node_modules/protractor/node_modules/selenium-webdriver/lib/promise.js:1376:14)
                    at TaskQueue.execute_ (/usr/local/lib/node_modules/protractor/node_modules/selenium-webdriver/lib/promise.js:3084:14)
                    at TaskQueue.executeNext_ (/usr/local/lib/node_modules/protractor/node_modules/selenium-webdriver/lib/promise.js:3067:27)
                    at asyncRun (/usr/local/lib/node_modules/protractor/node_modules/selenium-webdriver/lib/promise.js:2927:27)
                    at /usr/local/lib/node_modules/protractor/node_modules/selenium-webdriver/lib/promise.js:668:7
                    at process._tickCallback (internal/process/next_tick.js:68:7)Error
                    at ElementArrayFinder.applyAction_ (/usr/local/lib/node_modules/protractor/built/element.js:459:27)
                    at ElementArrayFinder.(anonymous function).args [as sendKeys] (/usr/local/lib/node_modules/protractor/built/element.js:91:29)
                    at ElementFinder.(anonymous function).args [as sendKeys] (/usr/local/lib/node_modules/protractor/built/element.js:831:22)
                    at UserContext.&lt;anonymous> (/home/cnt-dev/Documents/Chutti-RMT/requisition-management/Testcases/raiserequisitionrequest.js:49:14)
                    at /usr/local/lib/node_modules/protractor/node_modules/jasminewd2/index.js:112:25
                    at new ManagedPromise (/usr/local/lib/node_modules/protractor/node_modules/selenium-webdriver/lib/promise.js:1077:7)
                    at ControlFlow.promise (/usr/local/lib/node_modules/protractor/node_modules/selenium-webdriver/lib/promise.js:2505:12)
                    at schedulerExecute (/usr/local/lib/node_modules/protractor/node_modules/jasminewd2/index.js:95:18)
                    at TaskQueue.execute_ (/usr/local/lib/node_modules/protractor/node_modules/selenium-webdriver/lib/promise.js:3084:14)
                    at TaskQueue.executeNext_ (/usr/local/lib/node_modules/protractor/node_modules/selenium-webdriver/lib/promise.js:3067:27)
                From: Task: Run it("upload a file") in control flow
                    at UserContext.&lt;anonymous> (/usr/local/lib/node_modules/protractor/node_modules/jasminewd2/index.js:94:19)
                    at attempt (/usr/local/lib/node_modules/protractor/node_modules/jasmine-core/lib/jasmine-core/jasmine.js:4297:26)
                    at QueueRunner.run (/usr/local/lib/node_modules/protractor/node_modules/jasmine-core/lib/jasmine-core/jasmine.js:4217:20)
                    at QueueRunner.execute (/usr/local/lib/node_modules/protractor/node_modules/jasmine-core/lib/jasmine-core/jasmine.js:4199:10)
                    at Spec.queueRunnerFactory (/usr/local/lib/node_modules/protractor/node_modules/jasmine-core/lib/jasmine-core/jasmine.js:909:35)
                    at Spec.execute (/usr/local/lib/node_modules/protractor/node_modules/jasmine-core/lib/jasmine-core/jasmine.js:526:10)
                    at UserContext.fn (/usr/local/lib/node_modules/protractor/node_modules/jasmine-core/lib/jasmine-core/jasmine.js:5340:37)
                    at attempt (/usr/local/lib/node_modules/protractor/node_modules/jasmine-core/lib/jasmine-core/jasmine.js:4297:26)
                    at QueueRunner.run (/usr/local/lib/node_modules/protractor/node_modules/jasmine-core/lib/jasmine-core/jasmine.js:4217:20)
                    at runNext (/usr/local/lib/node_modules/protractor/node_modules/jasmine-core/lib/jasmine-core/jasmine.js:4257:20)
                From asynchronous test: 
                Error
                    at Suite.&lt;anonymous> (/home/cnt-dev/Documents/Chutti-RMT/requisition-management/Testcases/raiserequisitionrequest.js:41:5)
                    at addSpecsToSuite (/usr/local/lib/node_modules/protractor/node_modules/jasmine-core/lib/jasmine-core/jasmine.js:1107:25)
                    at Env.describe (/usr/local/lib/node_modules/protractor/node_modules/jasmine-core/lib/jasmine-core/jasmine.js:1074:7)
                    at describe (/usr/local/lib/node_modules/protractor/node_modules/jasmine-core/lib/jasmine-core/jasmine.js:4399:18)
                    at Object.&lt;anonymous> (/home/cnt-dev/Documents/Chutti-RMT/requisition-management/Testcases/raiserequisitionrequest.js:8:1)
                    at Module._compile (internal/modules/cjs/loader.js:689:30)
                    at Object.Module._extensions..js (internal/modules/cjs/loader.js:700:10)
                    at Module.load (internal/modules/cjs/loader.js:599:32)
                    at tryModuleLoad (internal/modules/cjs/loader.js:538:12)</stack-trace>
            </failure>
        </test-case>
    </test-cases>
</ns2:test-suite>